[12:54:31.196] [INFO] storybook v10.1.10
[12:54:32.331] [DEBUG] Getting package.json info for /home/costrategix/Desktop/todo-app/package.json...
[12:54:32.332] [WARN] You are currently using Storybook [1m10.1.10[22m but you have packages which are incompatible with it:

- @storybook/addon-essentials@7.6.21 which depends on 7.6.21
 Repo: https://github.com/storybookjs/storybook/tree/next/code/addons/essentials
- @storybook/addon-interactions@7.6.21 which depends on 7.6.21
 Repo: https://github.com/storybookjs/storybook/tree/next/code/addons/interactions

Please consider updating your packages or contacting the maintainers for compatibility details.

For more details on compatibility guidance, see:
https://github.com/storybookjs/storybook/issues/32836
[12:54:32.346] [ERROR] [38;2;241;97;97mSB_CORE-SERVER_0002 (CriticalPresetLoadError): Storybook failed to load the following preset: @storybook/react-webpack5/preset.

Please check whether your setup is correct, the Storybook dependencies (and their peer dependencies) are installed correctly and there are no package version clashes.

If you believe this is a bug, please open an issue on Github.

Error [ERR_MODULE_NOT_FOUND]: Cannot find package '@storybook/react-webpack5' imported from /home/costrategix/.npm/_npx/6fe9a9991b157df1/node_modules/storybook/dist/_node-chunks/chunk-BA3X633S.js
    at packageResolve (node:internal/modules/esm/resolve:873:9)
    at moduleResolve (node:internal/modules/esm/resolve:946:18)
    at defaultResolve (node:internal/modules/esm/resolve:1188:11)
    at nextResolve (node:internal/modules/esm/hooks:864:28)
    at Hooks.resolve (node:internal/modules/esm/hooks:306:30)
    at MessagePort.handleMessage (node:internal/modules/esm/worker:196:24)
    at [nodejs.internal.kHybridDispatch] (node:internal/event_target:831:20)
    at MessagePort.<anonymous> (node:internal/per_context/messageport:23:28)

More info: 
[39m
    at loadPreset (file:///home/costrategix/.npm/_npx/6fe9a9991b157df1/node_modules/storybook/dist/_node-chunks/chunk-LLCTWVOB.js:10101:13)
    at async Promise.all (index 0)
    at async loadPresets (file:///home/costrategix/.npm/_npx/6fe9a9991b157df1/node_modules/storybook/dist/_node-chunks/chunk-LLCTWVOB.js:10110:73)
    at async getPresets (file:///home/costrategix/.npm/_npx/6fe9a9991b157df1/node_modules/storybook/dist/_node-chunks/chunk-LLCTWVOB.js:10141:23)
    at async buildDevStandalone (file:///home/costrategix/.npm/_npx/6fe9a9991b157df1/node_modules/storybook/dist/core-server/index.js:7163:17)
    at async withTelemetry (file:///home/costrategix/.npm/_npx/6fe9a9991b157df1/node_modules/storybook/dist/_node-chunks/chunk-PGCRO4IZ.js:209:12)
    at async dev (file:///home/costrategix/.npm/_npx/6fe9a9991b157df1/node_modules/storybook/dist/bin/core.js:2734:3)
    at async _Command.<anonymous> (file:///home/costrategix/.npm/_npx/6fe9a9991b157df1/node_modules/storybook/dist/bin/core.js:2801:92)
[12:54:32.348] [WARN] Broken build, fix the error above.
You may need to refresh the browser.